 * Running on http://0.0.0.0:5000/ (Press CTRL+C to quit)
 * Running on http://0.0.0.0:5000/ (Press CTRL+C to quit)
122.45.156.11 - - [09/Oct/2016 13:36:00] "GET /search HTTP/1.1" 200 -
122.45.156.11 - - [09/Oct/2016 13:36:00] "GET /static/javascript/news_summary.js HTTP/1.1" 304 -
122.45.156.11 - - [09/Oct/2016 13:36:00] "GET /static/css/justified-nav.css HTTP/1.1" 304 -
122.45.156.11 - - [09/Oct/2016 13:36:00] "GET /static/css/news_summary.css HTTP/1.1" 304 -
122.45.156.11 - - [09/Oct/2016 13:36:00] "GET /static/css/bootstrap.min.css HTTP/1.1" 304 -
122.45.156.11 - - [09/Oct/2016 13:36:00] "GET /static/javascript/jquery-3.0.0.js HTTP/1.1" 304 -
122.45.156.11 - - [09/Oct/2016 13:36:00] "GET /static/javascript/search.js HTTP/1.1" 304 -
122.45.156.11 - - [09/Oct/2016 13:36:00] "GET /static/images/logo.png HTTP/1.1" 304 -
122.45.156.11 - - [09/Oct/2016 13:36:00] "GET /main HTTP/1.1" 200 -
122.45.156.11 - - [09/Oct/2016 13:36:01] "GET /search HTTP/1.1" 200 -
122.45.156.11 - - [09/Oct/2016 13:36:06] "POST /searchNews HTTP/1.1" 200 -
122.45.156.11 - - [09/Oct/2016 13:36:15] "POST /searchSummaryResult HTTP/1.1" 200 -
122.45.156.11 - - [10/Oct/2016 01:08:59] "GET /signin HTTP/1.1" 404 -
122.45.156.11 - - [10/Oct/2016 01:09:00] "GET /favicon.ico HTTP/1.1" 404 -
122.45.156.11 - - [10/Oct/2016 01:09:23] "GET /signin HTTP/1.1" 404 -
122.45.156.11 - - [10/Oct/2016 19:09:26] "GET / HTTP/1.1" 302 -
122.45.156.11 - - [10/Oct/2016 19:09:34] "GET / HTTP/1.1" 302 -
122.45.156.11 - - [10/Oct/2016 19:09:36] "GET /main HTTP/1.1" 200 -
122.45.156.11 - - [10/Oct/2016 19:09:36] "GET /main HTTP/1.1" 200 -
122.45.156.11 - - [10/Oct/2016 19:09:36] "GET /static/css/bootstrap.min.css HTTP/1.1" 200 -
122.45.156.11 - - [10/Oct/2016 19:09:37] "GET /static/css/news_summary.css HTTP/1.1" 200 -
122.45.156.11 - - [10/Oct/2016 19:09:37] "GET /static/css/justified-nav.css HTTP/1.1" 200 -
122.45.156.11 - - [10/Oct/2016 19:09:37] "GET /static/javascript/jquery-3.0.0.js HTTP/1.1" 200 -
122.45.156.11 - - [10/Oct/2016 19:09:37] "GET /static/javascript/news_summary.js HTTP/1.1" 200 -
122.45.156.11 - - [10/Oct/2016 19:09:37] "GET /static/images/logo.png HTTP/1.1" 200 -
122.45.156.11 - - [10/Oct/2016 19:09:37] "GET /favicon.ico HTTP/1.1" 404 -
122.45.156.11 - - [10/Oct/2016 19:09:39] "GET /search HTTP/1.1" 200 -
122.45.156.11 - - [10/Oct/2016 19:09:39] "GET /static/javascript/search.js HTTP/1.1" 200 -
122.45.156.11 - - [10/Oct/2016 19:09:45] "POST /searchNews HTTP/1.1" 200 -
 * Running on http://0.0.0.0:5000/ (Press CTRL+C to quit)
39.7.57.133 - - [11/Oct/2016 15:49:49] "GET / HTTP/1.1" 302 -
39.7.57.133 - - [11/Oct/2016 15:49:49] "GET /main HTTP/1.1" 200 -
39.7.57.133 - - [11/Oct/2016 15:49:50] "GET /static/css/bootstrap.min.css HTTP/1.1" 200 -
39.7.57.133 - - [11/Oct/2016 15:49:50] "GET /static/css/justified-nav.css HTTP/1.1" 200 -
39.7.57.133 - - [11/Oct/2016 15:49:50] "GET /static/javascript/news_summary.js HTTP/1.1" 200 -
39.7.57.133 - - [11/Oct/2016 15:49:50] "GET /static/css/news_summary.css HTTP/1.1" 200 -
39.7.57.133 - - [11/Oct/2016 15:49:50] "GET /static/javascript/jquery-3.0.0.js HTTP/1.1" 200 -
39.7.57.133 - - [11/Oct/2016 15:49:50] "GET /static/images/logo.png HTTP/1.1" 200 -
39.7.57.133 - - [11/Oct/2016 15:49:51] "GET /favicon.ico HTTP/1.1" 404 -
39.7.57.133 - - [11/Oct/2016 15:49:55] "GET /search HTTP/1.1" 200 -
39.7.57.133 - - [11/Oct/2016 15:49:55] "GET /static/javascript/search.js HTTP/1.1" 200 -
39.7.57.133 - - [11/Oct/2016 15:50:02] "POST /searchNews HTTP/1.1" 200 -
39.7.57.133 - - [11/Oct/2016 15:50:06] "POST /searchSummaryResult HTTP/1.1" 200 -
39.7.57.133 - - [11/Oct/2016 15:50:08] "POST /searchSummaryResult HTTP/1.1" 200 -
39.7.57.133 - - [11/Oct/2016 15:50:11] "GET /summary HTTP/1.1" 200 -
39.7.57.133 - - [11/Oct/2016 15:50:12] "GET /static/javascript/summary.js HTTP/1.1" 200 -
[2016-10-11 15:50:44,231] ERROR in app: Exception on /summaryUserNews [POST]
Traceback (most recent call last):
  File "/home/ubuntu/graduation_work_env/lib/python3.4/site-packages/flask/app.py", line 1988, in wsgi_app
    response = self.full_dispatch_request()
  File "/home/ubuntu/graduation_work_env/lib/python3.4/site-packages/flask/app.py", line 1641, in full_dispatch_request
    rv = self.handle_user_exception(e)
  File "/home/ubuntu/graduation_work_env/lib/python3.4/site-packages/flask/app.py", line 1544, in handle_user_exception
    reraise(exc_type, exc_value, tb)
  File "/home/ubuntu/graduation_work_env/lib/python3.4/site-packages/flask/_compat.py", line 33, in reraise
    raise value
  File "/home/ubuntu/graduation_work_env/lib/python3.4/site-packages/flask/app.py", line 1639, in full_dispatch_request
    rv = self.dispatch_request()
  File "/home/ubuntu/graduation_work_env/lib/python3.4/site-packages/flask/app.py", line 1625, in dispatch_request
    return self.view_functions[rule.endpoint](**req.view_args)
  File "index.py", line 131, in summaryNews
    totalDocumentCount = getTotalDocumentCount()
  File "index.py", line 119, in getTotalDocumentCount
    cur.execute(query)
NameError: name 'cur' is not defined
39.7.57.133 - - [11/Oct/2016 15:50:44] "POST /summaryUserNews HTTP/1.1" 500 -
[2016-10-11 15:50:46,565] ERROR in app: Exception on /summaryUserNews [POST]
Traceback (most recent call last):
  File "/home/ubuntu/graduation_work_env/lib/python3.4/site-packages/flask/app.py", line 1988, in wsgi_app
    response = self.full_dispatch_request()
  File "/home/ubuntu/graduation_work_env/lib/python3.4/site-packages/flask/app.py", line 1641, in full_dispatch_request
    rv = self.handle_user_exception(e)
  File "/home/ubuntu/graduation_work_env/lib/python3.4/site-packages/flask/app.py", line 1544, in handle_user_exception
    reraise(exc_type, exc_value, tb)
  File "/home/ubuntu/graduation_work_env/lib/python3.4/site-packages/flask/_compat.py", line 33, in reraise
    raise value
  File "/home/ubuntu/graduation_work_env/lib/python3.4/site-packages/flask/app.py", line 1639, in full_dispatch_request
    rv = self.dispatch_request()
  File "/home/ubuntu/graduation_work_env/lib/python3.4/site-packages/flask/app.py", line 1625, in dispatch_request
    return self.view_functions[rule.endpoint](**req.view_args)
  File "index.py", line 131, in summaryNews
    totalDocumentCount = getTotalDocumentCount()
  File "index.py", line 119, in getTotalDocumentCount
    cur.execute(query)
NameError: name 'cur' is not defined
39.7.57.133 - - [11/Oct/2016 15:50:46] "POST /summaryUserNews HTTP/1.1" 500 -
[2016-10-11 15:51:44,434] ERROR in app: Exception on /summaryUserNews [POST]
Traceback (most recent call last):
  File "/home/ubuntu/graduation_work_env/lib/python3.4/site-packages/flask/app.py", line 1988, in wsgi_app
    response = self.full_dispatch_request()
  File "/home/ubuntu/graduation_work_env/lib/python3.4/site-packages/flask/app.py", line 1641, in full_dispatch_request
    rv = self.handle_user_exception(e)
  File "/home/ubuntu/graduation_work_env/lib/python3.4/site-packages/flask/app.py", line 1544, in handle_user_exception
    reraise(exc_type, exc_value, tb)
  File "/home/ubuntu/graduation_work_env/lib/python3.4/site-packages/flask/_compat.py", line 33, in reraise
    raise value
  File "/home/ubuntu/graduation_work_env/lib/python3.4/site-packages/flask/app.py", line 1639, in full_dispatch_request
    rv = self.dispatch_request()
  File "/home/ubuntu/graduation_work_env/lib/python3.4/site-packages/flask/app.py", line 1625, in dispatch_request
    return self.view_functions[rule.endpoint](**req.view_args)
  File "index.py", line 131, in summaryNews
    totalDocumentCount = getTotalDocumentCount()
  File "index.py", line 119, in getTotalDocumentCount
    cur.execute(query)
NameError: name 'cur' is not defined
39.7.57.133 - - [11/Oct/2016 15:51:44] "POST /summaryUserNews HTTP/1.1" 500 -
[2016-10-11 15:51:45,707] ERROR in app: Exception on /summaryUserNews [POST]
Traceback (most recent call last):
  File "/home/ubuntu/graduation_work_env/lib/python3.4/site-packages/flask/app.py", line 1988, in wsgi_app
    response = self.full_dispatch_request()
  File "/home/ubuntu/graduation_work_env/lib/python3.4/site-packages/flask/app.py", line 1641, in full_dispatch_request
    rv = self.handle_user_exception(e)
  File "/home/ubuntu/graduation_work_env/lib/python3.4/site-packages/flask/app.py", line 1544, in handle_user_exception
    reraise(exc_type, exc_value, tb)
  File "/home/ubuntu/graduation_work_env/lib/python3.4/site-packages/flask/_compat.py", line 33, in reraise
    raise value
  File "/home/ubuntu/graduation_work_env/lib/python3.4/site-packages/flask/app.py", line 1639, in full_dispatch_request
    rv = self.dispatch_request()
  File "/home/ubuntu/graduation_work_env/lib/python3.4/site-packages/flask/app.py", line 1625, in dispatch_request
    return self.view_functions[rule.endpoint](**req.view_args)
  File "index.py", line 131, in summaryNews
    totalDocumentCount = getTotalDocumentCount()
  File "index.py", line 119, in getTotalDocumentCount
    cur.execute(query)
NameError: name 'cur' is not defined
39.7.57.133 - - [11/Oct/2016 15:51:45] "POST /summaryUserNews HTTP/1.1" 500 -
[2016-10-11 15:51:46,464] ERROR in app: Exception on /summaryUserNews [POST]
Traceback (most recent call last):
  File "/home/ubuntu/graduation_work_env/lib/python3.4/site-packages/flask/app.py", line 1988, in wsgi_app
    response = self.full_dispatch_request()
  File "/home/ubuntu/graduation_work_env/lib/python3.4/site-packages/flask/app.py", line 1641, in full_dispatch_request
    rv = self.handle_user_exception(e)
  File "/home/ubuntu/graduation_work_env/lib/python3.4/site-packages/flask/app.py", line 1544, in handle_user_exception
    reraise(exc_type, exc_value, tb)
  File "/home/ubuntu/graduation_work_env/lib/python3.4/site-packages/flask/_compat.py", line 33, in reraise
    raise value
  File "/home/ubuntu/graduation_work_env/lib/python3.4/site-packages/flask/app.py", line 1639, in full_dispatch_request
    rv = self.dispatch_request()
  File "/home/ubuntu/graduation_work_env/lib/python3.4/site-packages/flask/app.py", line 1625, in dispatch_request
    return self.view_functions[rule.endpoint](**req.view_args)
  File "index.py", line 131, in summaryNews
    totalDocumentCount = getTotalDocumentCount()
  File "index.py", line 119, in getTotalDocumentCount
    cur.execute(query)
NameError: name 'cur' is not defined
39.7.57.133 - - [11/Oct/2016 15:51:46] "POST /summaryUserNews HTTP/1.1" 500 -
[2016-10-11 15:51:46,876] ERROR in app: Exception on /summaryUserNews [POST]
Traceback (most recent call last):
  File "/home/ubuntu/graduation_work_env/lib/python3.4/site-packages/flask/app.py", line 1988, in wsgi_app
    response = self.full_dispatch_request()
  File "/home/ubuntu/graduation_work_env/lib/python3.4/site-packages/flask/app.py", line 1641, in full_dispatch_request
    rv = self.handle_user_exception(e)
  File "/home/ubuntu/graduation_work_env/lib/python3.4/site-packages/flask/app.py", line 1544, in handle_user_exception
    reraise(exc_type, exc_value, tb)
  File "/home/ubuntu/graduation_work_env/lib/python3.4/site-packages/flask/_compat.py", line 33, in reraise
    raise value
  File "/home/ubuntu/graduation_work_env/lib/python3.4/site-packages/flask/app.py", line 1639, in full_dispatch_request
    rv = self.dispatch_request()
  File "/home/ubuntu/graduation_work_env/lib/python3.4/site-packages/flask/app.py", line 1625, in dispatch_request
    return self.view_functions[rule.endpoint](**req.view_args)
  File "index.py", line 131, in summaryNews
    totalDocumentCount = getTotalDocumentCount()
  File "index.py", line 119, in getTotalDocumentCount
    cur.execute(query)
NameError: name 'cur' is not defined
39.7.57.133 - - [11/Oct/2016 15:51:46] "POST /summaryUserNews HTTP/1.1" 500 -
39.7.57.133 - - [11/Oct/2016 15:51:47] "GET /search HTTP/1.1" 200 -
39.7.57.133 - - [11/Oct/2016 15:51:48] "GET /summary HTTP/1.1" 200 -
39.7.57.133 - - [11/Oct/2016 15:51:50] "GET /main HTTP/1.1" 200 -
 * Running on http://0.0.0.0:5000/ (Press CTRL+C to quit)
169.56.71.45 - - [11/Oct/2016 22:07:38] "GET / HTTP/1.1" 302 -
 * Running on http://0.0.0.0:5000/ (Press CTRL+C to quit)
110.70.57.155 - - [25/Oct/2016 12:18:00] "GET / HTTP/1.1" 302 -
 * Running on http://0.0.0.0:5000/ (Press CTRL+C to quit)
110.70.57.155 - - [25/Oct/2016 12:19:36] "GET /main HTTP/1.1" 200 -
110.70.57.155 - - [25/Oct/2016 12:23:39] "GET /search HTTP/1.1" 200 -
110.70.57.155 - - [25/Oct/2016 12:23:40] "GET /static/javascript/search.js HTTP/1.1" 200 -
110.70.57.155 - - [25/Oct/2016 12:23:41] "GET /summary HTTP/1.1" 200 -
110.70.57.155 - - [25/Oct/2016 12:23:42] "GET /static/javascript/summary.js HTTP/1.1" 200 -
110.70.57.155 - - [25/Oct/2016 12:23:42] "GET /main HTTP/1.1" 200 -
61.251.220.15 - - [25/Oct/2016 14:28:35] "GET /main HTTP/1.1" 200 -
61.251.220.15 - - [25/Oct/2016 14:28:35] "GET /static/css/bootstrap.min.css HTTP/1.1" 200 -
61.251.220.15 - - [25/Oct/2016 14:28:35] "GET /static/css/justified-nav.css HTTP/1.1" 200 -
61.251.220.15 - - [25/Oct/2016 14:28:35] "GET /static/javascript/jquery-3.0.0.js HTTP/1.1" 200 -
61.251.220.15 - - [25/Oct/2016 14:28:35] "GET /static/javascript/news_summary.js HTTP/1.1" 200 -
61.251.220.15 - - [25/Oct/2016 14:28:35] "GET /static/css/news_summary.css HTTP/1.1" 200 -
61.251.220.15 - - [25/Oct/2016 14:28:35] "GET /static/images/logo.png HTTP/1.1" 200 -
61.251.220.15 - - [25/Oct/2016 14:28:35] "GET /favicon.ico HTTP/1.1" 404 -
61.251.220.15 - - [25/Oct/2016 14:28:38] "GET /search HTTP/1.1" 200 -
61.251.220.15 - - [25/Oct/2016 14:28:38] "GET /static/javascript/search.js HTTP/1.1" 200 -
61.251.220.15 - - [25/Oct/2016 14:28:39] "GET /summary HTTP/1.1" 200 -
61.251.220.15 - - [25/Oct/2016 14:28:39] "GET /static/javascript/summary.js HTTP/1.1" 200 -
61.251.220.15 - - [25/Oct/2016 14:28:40] "GET /main HTTP/1.1" 200 -
61.251.220.15 - - [25/Oct/2016 14:28:40] "GET /search HTTP/1.1" 200 -
61.251.220.15 - - [25/Oct/2016 14:28:41] "GET /summary HTTP/1.1" 200 -
61.251.220.15 - - [25/Oct/2016 14:28:42] "GET /main HTTP/1.1" 200 -
61.251.220.15 - - [25/Oct/2016 14:28:42] "GET /search HTTP/1.1" 200 -
175.223.19.146 - - [25/Oct/2016 15:39:55] "GET / HTTP/1.1" 302 -
175.223.19.146 - - [25/Oct/2016 15:40:19] "GET /main HTTP/1.1" 200 -
175.223.19.146 - - [25/Oct/2016 15:40:19] "GET / HTTP/1.1" 302 -
175.223.19.146 - - [25/Oct/2016 15:40:19] "GET / HTTP/1.1" 302 -
175.223.19.146 - - [25/Oct/2016 15:40:20] "GET /main HTTP/1.1" 200 -
175.223.19.146 - - [25/Oct/2016 15:40:20] "GET /favicon.ico HTTP/1.1" 404 -
175.223.19.146 - - [25/Oct/2016 15:40:21] "GET /search HTTP/1.1" 200 -
175.223.19.146 - - [25/Oct/2016 15:40:29] "POST /searchNews HTTP/1.1" 200 -
175.223.19.146 - - [25/Oct/2016 15:40:30] "POST /searchSummaryResult HTTP/1.1" 200 -
175.223.19.146 - - [25/Oct/2016 15:40:37] "POST /searchNews HTTP/1.1" 200 -
175.223.19.146 - - [25/Oct/2016 15:40:42] "POST /searchNews HTTP/1.1" 200 -
175.223.19.146 - - [25/Oct/2016 15:40:52] "GET /summary HTTP/1.1" 200 -
61.251.208.229 - - [27/Oct/2016 13:29:32] "GET /main HTTP/1.1" 200 -
61.251.208.229 - - [27/Oct/2016 13:29:32] "GET /static/css/bootstrap.min.css HTTP/1.1" 200 -
61.251.208.229 - - [27/Oct/2016 13:29:32] "GET /static/javascript/news_summary.js HTTP/1.1" 200 -
61.251.208.229 - - [27/Oct/2016 13:29:32] "GET /static/css/justified-nav.css HTTP/1.1" 200 -
61.251.208.229 - - [27/Oct/2016 13:29:32] "GET /static/images/logo.png HTTP/1.1" 200 -
61.251.208.229 - - [27/Oct/2016 13:29:32] "GET /static/javascript/jquery-3.0.0.js HTTP/1.1" 200 -
61.251.208.229 - - [27/Oct/2016 13:29:32] "GET /static/css/news_summary.css HTTP/1.1" 200 -
Traceback (most recent call last):
  File "index.py", line 10, in <module>
    import nltk
ImportError: No module named 'nltk'
 * Running on http://0.0.0.0:5000/ (Press CTRL+C to quit)
110.70.57.89 - - [27/Oct/2016 13:33:13] "GET / HTTP/1.1" 302 -
110.70.57.89 - - [27/Oct/2016 13:33:13] "GET /main HTTP/1.1" 200 -
110.70.57.89 - - [27/Oct/2016 13:33:13] "GET /static/css/bootstrap.min.css HTTP/1.1" 304 -
110.70.57.89 - - [27/Oct/2016 13:33:13] "GET /static/css/justified-nav.css HTTP/1.1" 304 -
110.70.57.89 - - [27/Oct/2016 13:33:13] "GET /static/css/news_summary.css HTTP/1.1" 304 -
110.70.57.89 - - [27/Oct/2016 13:33:13] "GET /static/javascript/jquery-3.0.0.js HTTP/1.1" 304 -
110.70.57.89 - - [27/Oct/2016 13:33:13] "GET /static/javascript/news_summary.js HTTP/1.1" 304 -
110.70.57.89 - - [27/Oct/2016 13:33:13] "GET /static/images/logo.png HTTP/1.1" 304 -
110.70.57.89 - - [27/Oct/2016 13:33:14] "GET /favicon.ico HTTP/1.1" 404 -
61.251.208.229 - - [27/Oct/2016 13:33:40] "GET /main HTTP/1.1" 200 -
61.251.208.229 - - [27/Oct/2016 13:33:40] "GET /static/css/justified-nav.css HTTP/1.1" 200 -
61.251.208.229 - - [27/Oct/2016 13:33:40] "GET /static/css/bootstrap.min.css HTTP/1.1" 200 -
61.251.208.229 - - [27/Oct/2016 13:33:40] "GET /static/javascript/jquery-3.0.0.js HTTP/1.1" 200 -
61.251.208.229 - - [27/Oct/2016 13:33:40] "GET /static/css/news_summary.css HTTP/1.1" 200 -
61.251.208.229 - - [27/Oct/2016 13:33:40] "GET /static/javascript/news_summary.js HTTP/1.1" 200 -
61.251.208.229 - - [27/Oct/2016 13:33:40] "GET /static/images/logo.png HTTP/1.1" 200 -
61.251.208.229 - - [27/Oct/2016 13:33:40] "GET /favicon.ico HTTP/1.1" 404 -
61.251.208.229 - - [27/Oct/2016 13:34:42] "GET /search HTTP/1.1" 200 -
61.251.208.229 - - [27/Oct/2016 13:34:42] "GET /static/javascript/search.js HTTP/1.1" 200 -
61.251.208.229 - - [27/Oct/2016 13:35:00] "POST /searchNews HTTP/1.1" 200 -
61.251.208.229 - - [27/Oct/2016 13:35:28] "POST /searchSummaryResult HTTP/1.1" 200 -
61.251.208.229 - - [27/Oct/2016 13:35:35] "POST /searchSummaryResult HTTP/1.1" 200 -
61.251.208.229 - - [27/Oct/2016 13:35:40] "POST /searchSummaryResult HTTP/1.1" 200 -
61.251.208.229 - - [27/Oct/2016 13:35:42] "POST /searchSummaryResult HTTP/1.1" 200 -
61.251.208.229 - - [27/Oct/2016 13:35:45] "POST /searchSummaryResult HTTP/1.1" 200 -
61.251.208.229 - - [27/Oct/2016 13:45:30] "POST /searchNews HTTP/1.1" 200 -
61.251.208.229 - - [27/Oct/2016 13:45:35] "POST /searchSummaryResult HTTP/1.1" 200 -
61.251.208.229 - - [27/Oct/2016 13:45:36] "POST /searchSummaryResult HTTP/1.1" 200 -
61.251.208.229 - - [27/Oct/2016 13:45:40] "POST /searchSummaryResult HTTP/1.1" 200 -
61.251.208.229 - - [27/Oct/2016 13:45:46] "POST /searchNews HTTP/1.1" 200 -
61.251.208.229 - - [27/Oct/2016 13:45:48] "POST /searchSummaryResult HTTP/1.1" 200 -
110.70.57.89 - - [27/Oct/2016 15:21:04] "GET / HTTP/1.1" 302 -
110.70.57.89 - - [27/Oct/2016 15:21:04] "GET /main HTTP/1.1" 200 -
110.70.57.89 - - [27/Oct/2016 15:21:05] "GET /favicon.ico HTTP/1.1" 404 -
110.70.57.89 - - [27/Oct/2016 15:21:07] "GET /search HTTP/1.1" 200 -
110.70.57.89 - - [27/Oct/2016 15:21:07] "GET /static/javascript/search.js HTTP/1.1" 304 -
110.70.57.89 - - [27/Oct/2016 15:21:24] "POST /searchNews HTTP/1.1" 200 -
110.70.57.89 - - [27/Oct/2016 15:22:23] "POST /searchNews HTTP/1.1" 200 -
110.70.57.89 - - [27/Oct/2016 15:22:28] "POST /searchSummaryResult HTTP/1.1" 200 -
110.70.57.89 - - [27/Oct/2016 15:24:19] "GET /summary HTTP/1.1" 200 -
110.70.57.89 - - [27/Oct/2016 15:24:19] "GET /static/javascript/summary.js HTTP/1.1" 304 -
110.70.57.89 - - [27/Oct/2016 15:24:36] "POST /summaryUserNews HTTP/1.1" 200 -
